Started GET "/spike" for ::1 at 2026-07-07 21:00:08 +0100
  [1m[35m (0.4ms)[0m  [1m[35mCREATE TABLE "schema_migrations" ("version" varchar NOT NULL PRIMARY KEY) /*application='MultipassWebui'*/[0m
  [1m[35m (0.1ms)[0m  [1m[35mCREATE TABLE "ar_internal_metadata" ("key" varchar NOT NULL PRIMARY KEY, "value" varchar, "created_at" datetime(6) NOT NULL, "updated_at" datetime(6) NOT NULL) /*application='MultipassWebui'*/[0m
  [1m[36mActiveRecord::SchemaMigration Load (0.2ms)[0m  [1m[34mSELECT "schema_migrations"."version" FROM "schema_migrations" ORDER BY "schema_migrations"."version" ASC /*application='MultipassWebui'*/[0m
Processing by SpikeController#index as */*
[multipass] exec: multipass info --all --format json
  Rendering layout layouts/application.html.erb
  Rendering spike/index.html.erb within layouts/application
  Rendered spike/index.html.erb within layouts/application (Duration: 2.1ms | GC: 0.0ms)
  Rendered layout layouts/application.html.erb (Duration: 7.5ms | GC: 0.0ms)
Completed 200 OK in 166ms (Views: 13.5ms | ActiveRecord: 0.0ms (0 queries, 0 cached) | GC: 0.0ms)


Started GET "/spike" for ::1 at 2026-07-07 21:00:08 +0100
Processing by SpikeController#index as */*
[multipass] exec: multipass info --all --format json
  Rendering layout layouts/application.html.erb
  Rendering spike/index.html.erb within layouts/application
  Rendered spike/index.html.erb within layouts/application (Duration: 0.4ms | GC: 0.0ms)
  Rendered layout layouts/application.html.erb (Duration: 0.8ms | GC: 0.0ms)
Completed 200 OK in 70ms (Views: 1.2ms | ActiveRecord: 0.0ms (0 queries, 0 cached) | GC: 0.0ms)


Started POST "/spike/terminals" for ::1 at 2026-07-07 21:00:17 +0100
Processing by SpikeController#create_session as */*
  Parameters: {"vm_name" => "rootplane-hello-01"}
Redirected to http://localhost:3000/spike/terminal?session_id=314a9858afbf410541b357b13de7f9ad&vm_name=rootplane-hello-01
↳ app/controllers/spike_controller.rb:27:in 'SpikeController#create_session'
Completed 302 Found in 298ms (ActiveRecord: 0.0ms (0 queries, 0 cached) | GC: 0.0ms)


Started POST "/spike/terminal?session_id=314a9858afbf410541b357b13de7f9ad&vm_name=rootplane-hello-01" for ::1 at 2026-07-07 21:00:17 +0100
  
ActionController::RoutingError (No route matches [POST] "/spike/terminal"):
  
Started GET "/spike/terminal?session_id=314a9858afbf410541b357b13de7f9ad&vm_name=rootplane-hello-01" for ::1 at 2026-07-07 21:00:40 +0100
Processing by SpikeController#terminal as */*
  Parameters: {"session_id" => "314a9858afbf410541b357b13de7f9ad", "vm_name" => "rootplane-hello-01"}
  Rendering layout layouts/terminal_fullscreen.html.erb
  Rendering spike/terminal.html.erb within layouts/terminal_fullscreen
  Rendered spike/terminal.html.erb within layouts/terminal_fullscreen (Duration: 0.2ms | GC: 0.0ms)
  Rendered layout layouts/terminal_fullscreen.html.erb (Duration: 0.9ms | GC: 0.0ms)
Completed 200 OK in 3ms (Views: 2.3ms | ActiveRecord: 0.0ms (0 queries, 0 cached) | GC: 0.1ms)


Started DELETE "/spike/terminals/314a9858afbf410541b357b13de7f9ad" for ::1 at 2026-07-07 21:00:48 +0100
Processing by SpikeController#destroy_session as */*
  Parameters: {"id" => "314a9858afbf410541b357b13de7f9ad"}
Can't verify CSRF token authenticity.
Completed 422 Unprocessable Content in 0ms (ActiveRecord: 0.0ms (0 queries, 0 cached) | GC: 0.0ms)


  
ActionController::InvalidAuthenticityToken (Can't verify CSRF token authenticity.):
  
actionpack (8.1.3) lib/action_controller/metal/request_forgery_protection.rb:321:in 'ActionController::RequestForgeryProtection::ProtectionMethods::Exception#handle_unverified_request'
actionpack (8.1.3) lib/action_controller/metal/request_forgery_protection.rb:415:in 'ActionController::RequestForgeryProtection#handle_unverified_request'
actionpack (8.1.3) lib/action_controller/metal/request_forgery_protection.rb:404:in 'ActionController::RequestForgeryProtection#verify_authenticity_token'
activesupport (8.1.3) lib/active_support/callbacks.rb:362:in 'block in ActiveSupport::Callbacks::CallTemplate::MethodCall#make_lambda'
activesupport (8.1.3) lib/active_support/callbacks.rb:179:in 'block in ActiveSupport::Callbacks::Filters::Before#call'
actionpack (8.1.3) lib/abstract_controller/callbacks.rb:36:in 'block (2 levels) in <module:Callbacks>'
activesupport (8.1.3) lib/active_support/callbacks.rb:180:in 'ActiveSupport::Callbacks::Filters::Before#call'
activesupport (8.1.3) lib/active_support/callbacks.rb:560:in 'block in ActiveSupport::Callbacks::CallbackSequence#invoke_before'
activesupport (8.1.3) lib/active_support/callbacks.rb:560:in 'Array#each'
activesupport (8.1.3) lib/active_support/callbacks.rb:560:in 'ActiveSupport::Callbacks::CallbackSequence#invoke_before'
activesupport (8.1.3) lib/active_support/callbacks.rb:119:in 'block in ActiveSupport::Callbacks#run_callbacks'
activesupport (8.1.3) lib/active_support/callbacks.rb:141:in 'ActiveSupport::Callbacks#run_callbacks'
actionpack (8.1.3) lib/abstract_controller/callbacks.rb:266:in 'AbstractController::Callbacks#process_action'
actionpack (8.1.3) lib/action_controller/metal/rescue.rb:36:in 'ActionController::Rescue#process_action'
actionpack (8.1.3) lib/action_controller/metal/instrumentation.rb:76:in 'block in ActionController::Instrumentation#process_action'
activesupport (8.1.3) lib/active_support/notifications.rb:210:in 'block in ActiveSupport::Notifications.instrument'
activesupport (8.1.3) lib/active_support/notifications/instrumenter.rb:58:in 'ActiveSupport::Notifications::Instrumenter#instrument'
activesupport (8.1.3) lib/active_support/notifications.rb:210:in 'ActiveSupport::Notifications.instrument'
actionpack (8.1.3) lib/action_controller/metal/instrumentation.rb:75:in 'ActionController::Instrumentation#process_action'
actionpack (8.1.3) lib/action_controller/metal/params_wrapper.rb:259:in 'ActionController::ParamsWrapper#process_action'
activerecord (8.1.3) lib/active_record/railties/controller_runtime.rb:39:in 'ActiveRecord::Railties::ControllerRuntime#process_action'
actionpack (8.1.3) lib/abstract_controller/base.rb:154:in 'AbstractController::Base#process'
actionview (8.1.3) lib/action_view/rendering.rb:40:in 'ActionView::Rendering#process'
actionpack (8.1.3) lib/action_controller/metal.rb:252:in 'ActionController::Metal#dispatch'
actionpack (8.1.3) lib/action_controller/metal.rb:335:in 'ActionController::Metal.dispatch'
actionpack (8.1.3) lib/action_dispatch/routing/route_set.rb:65:in 'ActionDispatch::Routing::RouteSet::Dispatcher#dispatch'
actionpack (8.1.3) lib/action_dispatch/routing/route_set.rb:50:in 'ActionDispatch::Routing::RouteSet::Dispatcher#serve'
actionpack (8.1.3) lib/action_dispatch/journey/router.rb:35:in 'block in ActionDispatch::Journey::Router#serve'
actionpack (8.1.3) lib/action_dispatch/journey/router.rb:86:in 'block in ActionDispatch::Journey::Router#recognize'
actionpack (8.1.3) lib/action_dispatch/journey/router.rb:66:in 'Array#each'
actionpack (8.1.3) lib/action_dispatch/journey/router.rb:66:in 'ActionDispatch::Journey::Router#recognize'
actionpack (8.1.3) lib/action_dispatch/journey/router.rb:31:in 'ActionDispatch::Journey::Router#serve'
actionpack (8.1.3) lib/action_dispatch/routing/route_set.rb:906:in 'ActionDispatch::Routing::RouteSet#call'
railties (8.1.3) lib/rails/engine/lazy_route_set.rb:60:in 'Rails::Engine::LazyRouteSet#call'
rack-attack (6.8.0) lib/rack/attack.rb:129:in 'Rack::Attack#call'
rack (3.2.6) lib/rack/tempfile_reaper.rb:20:in 'Rack::TempfileReaper#call'
rack (3.2.6) lib/rack/etag.rb:29:in 'Rack::ETag#call'
rack (3.2.6) lib/rack/conditional_get.rb:44:in 'Rack::ConditionalGet#call'
rack (3.2.6) lib/rack/head.rb:15:in 'Rack::Head#call'
actionpack (8.1.3) lib/action_dispatch/http/content_security_policy.rb:38:in 'ActionDispatch::ContentSecurityPolicy::Middleware#call'
rack-session (2.1.2) lib/rack/session/abstract/id.rb:274:in 'Rack::Session::Abstract::Persisted#context'
rack-session (2.1.2) lib/rack/session/abstract/id.rb:268:in 'Rack::Session::Abstract::Persisted#call'
actionpack (8.1.3) lib/action_dispatch/middleware/cookies.rb:708:in 'ActionDispatch::Cookies#call'
activerecord (8.1.3) lib/active_record/migration.rb:671:in 'ActiveRecord::Migration::CheckPending#call'
actionpack (8.1.3) lib/action_dispatch/middleware/callbacks.rb:31:in 'block in ActionDispatch::Callbacks#call'
activesupport (8.1.3) lib/active_support/callbacks.rb:101:in 'ActiveSupport::Callbacks#run_callbacks'
actionpack (8.1.3) lib/action_dispatch/middleware/callbacks.rb:30:in 'ActionDispatch::Callbacks#call'
actionpack (8.1.3) lib/action_dispatch/middleware/executor.rb:20:in 'ActionDispatch::Executor#call'
actionpack (8.1.3) lib/action_dispatch/middleware/actionable_exceptions.rb:18:in 'ActionDispatch::ActionableExceptions#call'
actionpack (8.1.3) lib/action_dispatch/middleware/debug_exceptions.rb:31:in 'ActionDispatch::DebugExceptions#call'
web-console (4.3.0) lib/web_console/middleware.rb:132:in 'WebConsole::Middleware#call_app'
web-console (4.3.0) lib/web_console/middleware.rb:28:in 'block in WebConsole::Middleware#call'
web-console (4.3.0) lib/web_console/middleware.rb:17:in 'Kernel#catch'
web-console (4.3.0) lib/web_console/middleware.rb:17:in 'WebConsole::Middleware#call'
actionpack (8.1.3) lib/action_dispatch/middleware/show_exceptions.rb:32:in 'ActionDispatch::ShowExceptions#call'
railties (8.1.3) lib/rails/rack/logger.rb:41:in 'Rails::Rack::Logger#call_app'
railties (8.1.3) lib/rails/rack/logger.rb:29:in 'Rails::Rack::Logger#call'
propshaft (1.3.2) lib/propshaft/quiet_assets.rb:11:in 'Propshaft::QuietAssets#call'
actionpack (8.1.3) lib/action_dispatch/middleware/remote_ip.rb:98:in 'ActionDispatch::RemoteIp#call'
actionpack (8.1.3) lib/action_dispatch/middleware/request_id.rb:34:in 'ActionDispatch::RequestId#call'
rack (3.2.6) lib/rack/method_override.rb:28:in 'Rack::MethodOverride#call'
rack (3.2.6) lib/rack/runtime.rb:24:in 'Rack::Runtime#call'
activesupport (8.1.3) lib/active_support/cache/strategy/local_cache_middleware.rb:30:in 'ActiveSupport::Cache::Strategy::LocalCache::Middleware#call'
actionpack (8.1.3) lib/action_dispatch/middleware/server_timing.rb:61:in 'block in ActionDispatch::ServerTiming#call'
actionpack (8.1.3) lib/action_dispatch/middleware/server_timing.rb:26:in 'ActionDispatch::ServerTiming::Subscriber#collect_events'
actionpack (8.1.3) lib/action_dispatch/middleware/server_timing.rb:60:in 'ActionDispatch::ServerTiming#call'
actionpack (8.1.3) lib/action_dispatch/middleware/executor.rb:20:in 'ActionDispatch::Executor#call'
propshaft (1.3.2) lib/propshaft/server.rb:37:in 'Propshaft::Server#call'
actionpack (8.1.3) lib/action_dispatch/middleware/static.rb:27:in 'ActionDispatch::Static#call'
rack (3.2.6) lib/rack/sendfile.rb:131:in 'Rack::Sendfile#call'
actionpack (8.1.3) lib/action_dispatch/middleware/host_authorization.rb:143:in 'ActionDispatch::HostAuthorization#call'
railties (8.1.3) lib/rails/engine.rb:534:in 'Rails::Engine#call'
puma (8.0.2) lib/puma/configuration.rb:305:in 'Puma::Configuration::ConfigMiddleware#call'
puma (8.0.2) lib/puma/response.rb:79:in 'block in Puma::Response#handle_request'
puma (8.0.2) lib/puma/thread_pool.rb:434:in 'Puma::ThreadPool#with_force_shutdown'
puma (8.0.2) lib/puma/response.rb:78:in 'Puma::Response#handle_request'
puma (8.0.2) lib/puma/server.rb:508:in 'Puma::Server#process_client'
puma (8.0.2) lib/puma/server.rb:263:in 'block in Puma::Server#run'
puma (8.0.2) lib/puma/thread_pool.rb:246:in 'block in Puma::ThreadPool#spawn_thread'
Started GET "/spike" for ::1 at 2026-07-07 21:00:48 +0100
Processing by SpikeController#index as HTML
[multipass] exec: multipass info --all --format json
  Rendering layout layouts/application.html.erb
  Rendering spike/index.html.erb within layouts/application
  Rendered spike/index.html.erb within layouts/application (Duration: 0.5ms | GC: 0.0ms)
  Rendered layout layouts/application.html.erb (Duration: 0.9ms | GC: 0.0ms)
Completed 200 OK in 86ms (Views: 1.2ms | ActiveRecord: 0.0ms (0 queries, 0 cached) | GC: 7.3ms)


Started GET "/cable" for ::1 at 2026-07-07 21:00:49 +0100
Started GET "/cable" [WebSocket] for ::1 at 2026-07-07 21:00:49 +0100
Successfully upgraded to WebSocket (REQUEST_METHOD: GET, HTTP_CONNECTION: Upgrade, HTTP_UPGRADE: websocket)
TerminalChannel is transmitting the subscription rejection
Started POST "/spike/terminals" for ::1 at 2026-07-07 21:02:20 +0100
Processing by SpikeController#create_session as */*
  Parameters: {"vm_name" => "rootplane-hello-01"}
Redirected to http://localhost:3000/spike/terminal?session_id=d68e9dc75532ca1b8b7a0d031cbdd15d&vm_name=rootplane-hello-01
↳ app/controllers/spike_controller.rb:27:in 'SpikeController#create_session'
Completed 302 Found in 7ms (ActiveRecord: 0.0ms (0 queries, 0 cached) | GC: 0.0ms)


Started POST "/spike/terminals" for ::1 at 2026-07-07 21:02:30 +0100
Processing by SpikeController#create_session as */*
  Parameters: {"vm_name" => "rootplane-hello-01"}
Redirected to http://localhost:3000/spike/terminal?session_id=573d99d3f62f43d619b1f249dc21c680&vm_name=rootplane-hello-01
↳ app/controllers/spike_controller.rb:27:in 'SpikeController#create_session'
Completed 302 Found in 6ms (ActiveRecord: 0.0ms (0 queries, 0 cached) | GC: 0.0ms)


Started GET "/cable" for ::1 at 2026-07-07 21:02:30 +0100
Started GET "/cable" [WebSocket] for ::1 at 2026-07-07 21:02:30 +0100
Request origin not allowed: 
Failed to upgrade to WebSocket (REQUEST_METHOD: GET, HTTP_CONNECTION: Upgrade, HTTP_UPGRADE: websocket)
Finished "/cable" [WebSocket] for ::1 at 2026-07-07 21:02:30 +0100
Started POST "/spike/terminals" for ::1 at 2026-07-07 21:03:15 +0100
Processing by SpikeController#create_session as */*
  Parameters: {"vm_name" => "rootplane-hello-01"}
Redirected to http://localhost:3000/spike/terminal?session_id=87af2a53e7a6142002e0c3e4a3289346&vm_name=rootplane-hello-01
↳ app/controllers/spike_controller.rb:27:in 'SpikeController#create_session'
Completed 302 Found in 6ms (ActiveRecord: 0.0ms (0 queries, 0 cached) | GC: 0.1ms)


Started POST "/spike/terminals" for ::1 at 2026-07-07 21:03:35 +0100
Processing by SpikeController#create_session as */*
  Parameters: {"vm_name" => "rootplane-hello-01"}
Redirected to http://localhost:3000/spike/terminal?session_id=010bba879767437025dda21ec6eaff27&vm_name=rootplane-hello-01
↳ app/controllers/spike_controller.rb:27:in 'SpikeController#create_session'
Completed 302 Found in 7ms (ActiveRecord: 0.0ms (0 queries, 0 cached) | GC: 0.1ms)


Started GET "/cable" for ::1 at 2026-07-07 21:03:35 +0100
Started GET "/cable" [WebSocket] for ::1 at 2026-07-07 21:03:35 +0100
Request origin not allowed: 
Failed to upgrade to WebSocket (REQUEST_METHOD: GET, HTTP_CONNECTION: Upgrade, HTTP_UPGRADE: websocket)
Finished "/cable" [WebSocket] for ::1 at 2026-07-07 21:03:35 +0100
Started POST "/spike/terminals" for ::1 at 2026-07-07 21:03:55 +0100
Processing by SpikeController#create_session as */*
  Parameters: {"vm_name" => "rootplane-hello-01"}
Redirected to http://localhost:3000/spike/terminal?session_id=23299ed6d87628036c87582e014edf15&vm_name=rootplane-hello-01
↳ app/controllers/spike_controller.rb:27:in 'SpikeController#create_session'
Completed 302 Found in 6ms (ActiveRecord: 0.0ms (0 queries, 0 cached) | GC: 0.0ms)


Started GET "/cable" for ::1 at 2026-07-07 21:03:55 +0100
Started GET "/cable" [WebSocket] for ::1 at 2026-07-07 21:03:55 +0100
Request origin not allowed: 
Failed to upgrade to WebSocket (REQUEST_METHOD: GET, HTTP_CONNECTION: Upgrade, HTTP_UPGRADE: websocket)
Finished "/cable" [WebSocket] for ::1 at 2026-07-07 21:03:55 +0100
Started POST "/spike/terminals" for ::1 at 2026-07-07 21:04:13 +0100
  [1m[36mActiveRecord::SchemaMigration Load (0.1ms)[0m  [1m[34mSELECT "schema_migrations"."version" FROM "schema_migrations" ORDER BY "schema_migrations"."version" ASC /*application='MultipassWebui'*/[0m
Processing by SpikeController#create_session as */*
  Parameters: {"vm_name" => "rootplane-hello-01"}
Redirected to http://localhost:3000/spike/terminal?session_id=fd5c29fc895b2e47fda4877c603fe2b9&vm_name=rootplane-hello-01
↳ app/controllers/spike_controller.rb:27:in 'SpikeController#create_session'
Completed 302 Found in 15ms (ActiveRecord: 0.0ms (0 queries, 0 cached) | GC: 0.0ms)


Started GET "/cable" for ::1 at 2026-07-07 21:04:13 +0100
Started GET "/cable" [WebSocket] for ::1 at 2026-07-07 21:04:13 +0100
Successfully upgraded to WebSocket (REQUEST_METHOD: GET, HTTP_CONNECTION: Upgrade, HTTP_UPGRADE: websocket)
Could not execute command from ({"command" => "subscribe", "identifier" => "{\"channel\":\"TerminalChannel\",\"vm_name\":\"rootplane-hello-01\",\"session_id\":\"fd5c29fc895b2e47fda4877c603fe2b9\"}"}) [ArgumentError - wrong number of arguments (given 0, expected 1)]: /Users/iain/.local/share/mise/installs/ruby/3.4.8/lib/ruby/gems/3.4.0/gems/actioncable-8.1.3/lib/action_cable/channel/base.rb:239:in 'transmit' | /Users/iain/Code/Github/multipass-webui/app/channels/terminal_channel.rb:33:in 'TerminalChannel#subscribed' | /Users/iain/.local/share/mise/installs/ruby/3.4.8/lib/ruby/gems/3.4.0/gems/actioncable-8.1.3/lib/action_cable/channel/base.rb:201:in 'block in ActionCable::Channel::Base#subscribe_to_channel' | /Users/iain/.local/share/mise/installs/ruby/3.4.8/lib/ruby/gems/3.4.0/gems/activesupport-8.1.3/lib/active_support/callbacks.rb:121:in 'block in ActiveSupport::Callbacks#run_callbacks' | /Users/iain/.local/share/mise/installs/ruby/3.4.8/lib/ruby/gems/3.4.0/gems/activesupport-8.1.3/lib/active_support/execution_wrapper.rb:87:in 'ActiveSupport::ExecutionWrapper.wrap'
TerminalChannel is streaming from terminal:fd5c29fc895b2e47fda4877c603fe2b9:output
TerminalChannel#receive({"data" => "ZWNobyBzcGlrZV90ZXN0XzQyCg=="})
Finished "/cable" [WebSocket] for ::1 at 2026-07-07 21:04:21 +0100
TerminalChannel stopped streaming from terminal:fd5c29fc895b2e47fda4877c603fe2b9:output
Started POST "/spike/terminals" for ::1 at 2026-07-07 21:04:54 +0100
Processing by SpikeController#create_session as */*
  Parameters: {"vm_name" => "rootplane-hello-01"}
Redirected to http://localhost:3000/spike/terminal?session_id=1abe819fece10fbe9080a4340dcde89d&vm_name=rootplane-hello-01
↳ app/controllers/spike_controller.rb:27:in 'SpikeController#create_session'
Completed 302 Found in 7ms (ActiveRecord: 0.0ms (0 queries, 0 cached) | GC: 0.0ms)


Started GET "/cable" for ::1 at 2026-07-07 21:04:54 +0100
Started GET "/cable" [WebSocket] for ::1 at 2026-07-07 21:04:54 +0100
Successfully upgraded to WebSocket (REQUEST_METHOD: GET, HTTP_CONNECTION: Upgrade, HTTP_UPGRADE: websocket)
TerminalChannel transmitting {type: "scrollback", data: ""}
TerminalChannel is transmitting the subscription confirmation
TerminalChannel is streaming from terminal:1abe819fece10fbe9080a4340dcde89d:output
TerminalChannel#receive({"data" => "ZWNobyBzcGlrZV90ZXN0XzQyCg=="})
Finished "/cable" [WebSocket] for ::1 at 2026-07-07 21:04:57 +0100
TerminalChannel stopped streaming from terminal:1abe819fece10fbe9080a4340dcde89d:output
Started POST "/spike/terminals" for ::1 at 2026-07-07 21:05:20 +0100
Processing by SpikeController#create_session as */*
  Parameters: {"vm_name" => "rootplane-hello-01"}
Redirected to http://localhost:3000/spike/terminal?session_id=c168bc62ddc5bb8f046ea8c10485bab2&vm_name=rootplane-hello-01
↳ app/controllers/spike_controller.rb:27:in 'SpikeController#create_session'
Completed 302 Found in 6ms (ActiveRecord: 0.0ms (0 queries, 0 cached) | GC: 0.0ms)


Started POST "/spike/terminals" for ::1 at 2026-07-07 21:05:53 +0100
Processing by SpikeController#create_session as */*
  Parameters: {"vm_name" => "rootplane-hello-01"}
[terminal] spawning multipass shell rootplane-hello-01 for session 8e9e679f00d92cfde534b2b6fe4f04ea
[terminal] spawned pid=86678
Redirected to http://localhost:3000/spike/terminal?session_id=8e9e679f00d92cfde534b2b6fe4f04ea&vm_name=rootplane-hello-01
↳ app/controllers/spike_controller.rb:27:in 'SpikeController#create_session'
Completed 302 Found in 12ms (ActiveRecord: 0.0ms (0 queries, 0 cached) | GC: 0.0ms)


Started GET "/cable" for ::1 at 2026-07-07 21:05:53 +0100
Started GET "/cable" [WebSocket] for ::1 at 2026-07-07 21:05:53 +0100
Successfully upgraded to WebSocket (REQUEST_METHOD: GET, HTTP_CONNECTION: Upgrade, HTTP_UPGRADE: websocket)
TerminalChannel transmitting {type: "scrollback", data: ""}
TerminalChannel is transmitting the subscription confirmation
TerminalChannel is streaming from terminal:8e9e679f00d92cfde534b2b6fe4f04ea:output
TerminalChannel#receive({"data" => "ZWNobyBzcGlrZV90ZXN0XzQyCg=="})
Finished "/cable" [WebSocket] for ::1 at 2026-07-07 21:05:55 +0100
TerminalChannel stopped streaming from terminal:8e9e679f00d92cfde534b2b6fe4f04ea:output
Started POST "/spike/terminals" for ::1 at 2026-07-07 21:06:42 +0100
Processing by SpikeController#create_session as */*
  Parameters: {"vm_name" => "rootplane-hello-01"}
[terminal] spawning multipass shell rootplane-hello-01 for session 7b4f55f4526e23c992acb5aebfce6376
[terminal] spawned pid=86834
Redirected to http://localhost:3000/spike/terminal?session_id=7b4f55f4526e23c992acb5aebfce6376&vm_name=rootplane-hello-01
↳ app/controllers/spike_controller.rb:27:in 'SpikeController#create_session'
Completed 302 Found in 9ms (ActiveRecord: 0.0ms (0 queries, 0 cached) | GC: 0.0ms)


Started GET "/cable" for ::1 at 2026-07-07 21:06:42 +0100
Started GET "/cable" [WebSocket] for ::1 at 2026-07-07 21:06:42 +0100
Successfully upgraded to WebSocket (REQUEST_METHOD: GET, HTTP_CONNECTION: Upgrade, HTTP_UPGRADE: websocket)
TerminalChannel transmitting {type: "scrollback", data: ""}
TerminalChannel is transmitting the subscription confirmation
TerminalChannel is streaming from terminal:7b4f55f4526e23c992acb5aebfce6376:output
TerminalChannel#receive({"data" => "ZWNobyBzcGlrZV90ZXN0XzQyCg=="})
[ActionCable] Broadcasting to terminal:7b4f55f4526e23c992acb5aebfce6376:output: {type: "output", data: "ZWNobyBzcGlrZV90ZXN0XzQyDQo="}
TerminalChannel transmitting {"type" => "output", "data" => "ZWNobyBzcGlrZV90ZXN0XzQyDQo="} (via streamed from terminal:7b4f55f4526e23c992acb5aebfce6376:output)
[ActionCable] Broadcasting to terminal:7b4f55f4526e23c992acb5aebfce6376:output: {type: "output", data: "V2VsY29tZSB0byBVYnVudHUgMjQuMDQuNCBMVFMgKEdOVS9MaW51eCA2LjguMC0xMjQtZ2VuZXJpYyBhYXJjaDY0KQ0KDQogKiBEb2N1bWVudGF0aW9uOiAgaHR0cHM6Ly9oZWxwLnVidW50dS5jb20NCiAqIE1hbmFnZW1lbnQ6ICAgICBodHRwczovL2xhbmRzY2FwZS5jYW5vbmljYWwuY29tDQogKiBTdXBwb3J0OiAgICAgICAgaHR0cHM6Ly91YnVudHUuY29tL...
[ActionCable] Broadcasting to terminal:7b4f55f4526e23c992acb5aebfce6376:output: {type: "output", data: "IHVwZGF0ZXMuDQpTZWUgaHR0cHM6Ly91YnVudHUuY29tL2VzbSBvciBydW46IHN1ZG8gcHJvIHN0YXR1cw0KDQoNClRoZSBsaXN0IG9mIGF2YWlsYWJsZSB1cGRhdGVzIGlzIG1vcmUgdGhhbiBhIHdlZWsgb2xkLg0KVG8gY2hlY2sgZm9yIG5ldyB1cGRhdGVzIHJ1bjogc3VkbyBhcHQgdXBkYXRlDQoNCmVjaG8gc3Bpa2VfdGVzdF80Mg0KTGFzdCBsb2dpbjogV...
TerminalChannel transmitting {"type" => "output", "data" => "V2VsY29tZSB0byBVYnVudHUgMjQuMDQuNCBMVFMgKEdOVS9MaW51eCA2LjguMC0xMjQtZ2VuZXJpYyBhYXJjaDY0KQ0KDQogKiBEb2N1bWVudGF0aW9uOiAgaHR0cHM6Ly9oZWxwLnVidW50dS5jb20NCiAqIE1hbmFnZW1lbnQ6ICAgICBodHRwczovL2xhbmRzY2FwZS5jYW5vbmljYWwuY29tDQogKiBTdXBwb3J0OiAgICAgICAgaHR0cHM6Ly91YnVud... (via streamed from terminal:7b4f55f4526e23c992acb5aebfce6376:output)
TerminalChannel transmitting {"type" => "output", "data" => "IHVwZGF0ZXMuDQpTZWUgaHR0cHM6Ly91YnVudHUuY29tL2VzbSBvciBydW46IHN1ZG8gcHJvIHN0YXR1cw0KDQoNClRoZSBsaXN0IG9mIGF2YWlsYWJsZSB1cGRhdGVzIGlzIG1vcmUgdGhhbiBhIHdlZWsgb2xkLg0KVG8gY2hlY2sgZm9yIG5ldyB1cGRhdGVzIHJ1bjogc3VkbyBhcHQgdXBkYXRlDQoNCmVjaG8gc3Bpa2VfdGVzdF80Mg0KTGFzdCBsb... (via streamed from terminal:7b4f55f4526e23c992acb5aebfce6376:output)
[ActionCable] Broadcasting to terminal:7b4f55f4526e23c992acb5aebfce6376:output: {type: "output", data: "G1s/MjAwNGgbXTA7dWJ1bnR1QHJvb3RwbGFuZS1oZWxsby0wMTogfgcbWzAxOzMybXVidW50dUByb290cGxhbmUtaGVsbG8tMDEbWzAwbTobWzAxOzM0bX4bWzAwbSQg"}
[ActionCable] Broadcasting to terminal:7b4f55f4526e23c992acb5aebfce6376:output: {type: "output", data: "ZWNobyBzcGlrZV90ZXN0XzQyDQobWz8yMDA0bA0="}
TerminalChannel transmitting {"type" => "output", "data" => "G1s/MjAwNGgbXTA7dWJ1bnR1QHJvb3RwbGFuZS1oZWxsby0wMTogfgcbWzAxOzMybXVidW50dUByb290cGxhbmUtaGVsbG8tMDEbWzAwbTobWzAxOzM0bX4bWzAwbSQg"} (via streamed from terminal:7b4f55f4526e23c992acb5aebfce6376:output)
TerminalChannel transmitting {"type" => "output", "data" => "ZWNobyBzcGlrZV90ZXN0XzQyDQobWz8yMDA0bA0="} (via streamed from terminal:7b4f55f4526e23c992acb5aebfce6376:output)
[ActionCable] Broadcasting to terminal:7b4f55f4526e23c992acb5aebfce6376:output: {type: "output", data: "c3Bpa2VfdGVzdF80Mg0KG1s/MjAwNGg="}
[ActionCable] Broadcasting to terminal:7b4f55f4526e23c992acb5aebfce6376:output: {type: "output", data: "G10wO3VidW50dUByb290cGxhbmUtaGVsbG8tMDE6IH4HG1swMTszMm11YnVudHVAcm9vdHBsYW5lLWhlbGxvLTAxG1swMG06G1swMTszNG1+G1swMG0kIA=="}
TerminalChannel transmitting {"type" => "output", "data" => "c3Bpa2VfdGVzdF80Mg0KG1s/MjAwNGg="} (via streamed from terminal:7b4f55f4526e23c992acb5aebfce6376:output)
TerminalChannel transmitting {"type" => "output", "data" => "G10wO3VidW50dUByb290cGxhbmUtaGVsbG8tMDE6IH4HG1swMTszMm11YnVudHVAcm9vdHBsYW5lLWhlbGxvLTAxG1swMG06G1swMTszNG1+G1swMG0kIA=="} (via streamed from terminal:7b4f55f4526e23c992acb5aebfce6376:output)
Finished "/cable" [WebSocket] for ::1 at 2026-07-07 21:06:45 +0100
TerminalChannel stopped streaming from terminal:7b4f55f4526e23c992acb5aebfce6376:output
Started POST "/spike/terminals" for ::1 at 2026-07-07 21:07:08 +0100
Processing by SpikeController#create_session as */*
  Parameters: {"vm_name" => "rootplane-hello-01"}
[terminal] spawning multipass shell rootplane-hello-01 for session bf78acd0b26c6328edafa0793424894f
[terminal] spawned pid=86952
Redirected to http://localhost:3000/spike/terminal?session_id=bf78acd0b26c6328edafa0793424894f&vm_name=rootplane-hello-01
↳ app/controllers/spike_controller.rb:27:in 'SpikeController#create_session'
Completed 302 Found in 6ms (ActiveRecord: 0.0ms (0 queries, 0 cached) | GC: 0.0ms)


Started GET "/cable" for ::1 at 2026-07-07 21:07:08 +0100
Started GET "/cable" [WebSocket] for ::1 at 2026-07-07 21:07:08 +0100
Successfully upgraded to WebSocket (REQUEST_METHOD: GET, HTTP_CONNECTION: Upgrade, HTTP_UPGRADE: websocket)
TerminalChannel transmitting {type: "scrollback", data: ""}
TerminalChannel is transmitting the subscription confirmation
TerminalChannel is streaming from terminal:bf78acd0b26c6328edafa0793424894f:output
TerminalChannel#receive({"data" => "ZWNobyBzcGlrZV90ZXN0XzQyCg=="})
[ActionCable] Broadcasting to terminal:bf78acd0b26c6328edafa0793424894f:output: {type: "output", data: "ZWNobyBzcGlrZV90ZXN0XzQyDQo="}
TerminalChannel transmitting {"type" => "output", "data" => "ZWNobyBzcGlrZV90ZXN0XzQyDQo="} (via streamed from terminal:bf78acd0b26c6328edafa0793424894f:output)
[ActionCable] Broadcasting to terminal:bf78acd0b26c6328edafa0793424894f:output: {type: "output", data: "V2VsY29tZSB0byBVYnVudHUgMjQuMDQuNCBMVFMgKEdOVS9MaW51eCA2LjguMC0xMjQtZ2VuZXJpYyBhYXJjaDY0KQ0KDQogKiBEb2N1bWVudGF0aW9uOiAgaHR0cHM6Ly9oZWxwLnVidW50dS5jb20NCiAqIE1hbmFnZW1lbnQ6ICAgICBodHRwczovL2xhbmRzY2FwZS5jYW5vbmljYWwuY29tDQogKiBTdXBwb3J0OiAgICAgICAgaHR0cHM6Ly91YnVudHUuY29tL...
[ActionCable] Broadcasting to terminal:bf78acd0b26c6328edafa0793424894f:output: {type: "output", data: "IHVwZGF0ZXMuDQpTZWUgaHR0cHM6Ly91YnVudHUuY29tL2VzbSBvciBydW46IHN1ZG8gcHJvIHN0YXR1cw0KDQoNClRoZSBsaXN0IG9mIGF2YWlsYWJsZSB1cGRhdGVzIGlzIG1vcmUgdGhhbiBhIHdlZWsgb2xkLg0KVG8gY2hlY2sgZm9yIG5ldyB1cGRhdGVzIHJ1bjogc3VkbyBhcHQgdXBkYXRlDQoNCkxhc3QgbG9naW46IFR1ZSBKdWwgIDcgMjE6MDY6NDAgM...
TerminalChannel transmitting {"type" => "output", "data" => "V2VsY29tZSB0byBVYnVudHUgMjQuMDQuNCBMVFMgKEdOVS9MaW51eCA2LjguMC0xMjQtZ2VuZXJpYyBhYXJjaDY0KQ0KDQogKiBEb2N1bWVudGF0aW9uOiAgaHR0cHM6Ly9oZWxwLnVidW50dS5jb20NCiAqIE1hbmFnZW1lbnQ6ICAgICBodHRwczovL2xhbmRzY2FwZS5jYW5vbmljYWwuY29tDQogKiBTdXBwb3J0OiAgICAgICAgaHR0cHM6Ly91YnVud... (via streamed from terminal:bf78acd0b26c6328edafa0793424894f:output)
TerminalChannel transmitting {"type" => "output", "data" => "IHVwZGF0ZXMuDQpTZWUgaHR0cHM6Ly91YnVudHUuY29tL2VzbSBvciBydW46IHN1ZG8gcHJvIHN0YXR1cw0KDQoNClRoZSBsaXN0IG9mIGF2YWlsYWJsZSB1cGRhdGVzIGlzIG1vcmUgdGhhbiBhIHdlZWsgb2xkLg0KVG8gY2hlY2sgZm9yIG5ldyB1cGRhdGVzIHJ1bjogc3VkbyBhcHQgdXBkYXRlDQoNCkxhc3QgbG9naW46IFR1ZSBKdWwgIDcgMjE6M... (via streamed from terminal:bf78acd0b26c6328edafa0793424894f:output)
Finished "/cable" [WebSocket] for ::1 at 2026-07-07 21:07:08 +0100
TerminalChannel stopped streaming from terminal:bf78acd0b26c6328edafa0793424894f:output
[ActionCable] Broadcasting to terminal:bf78acd0b26c6328edafa0793424894f:output: {type: "output", data: "G1s/MjAwNGgbXTA7dWJ1bnR1QHJvb3RwbGFuZS1oZWxsby0wMTogfgcbWzAxOzMybXVidW50dUByb290cGxhbmUtaGVsbG8tMDEbWzAwbTobWzAxOzM0bX4bWzAwbSQgZWNobyBzcGlrZV90ZXN0XzQyDQobWz8yMDA0bA1zcGlrZV90ZXN0XzQyDQo="}
[ActionCable] Broadcasting to terminal:bf78acd0b26c6328edafa0793424894f:output: {type: "output", data: "G1s/MjAwNGgbXTA7dWJ1bnR1QHJvb3RwbGFuZS1oZWxsby0wMTogfgcbWzAxOzMybXVidW50dUByb290cGxhbmUtaGVsbG8tMDEbWzAwbTobWzAxOzM0bX4bWzAwbSQg"}
Started GET "/cable" for ::1 at 2026-07-07 21:09:32 +0100
Started GET "/cable" [WebSocket] for ::1 at 2026-07-07 21:09:32 +0100
Successfully upgraded to WebSocket (REQUEST_METHOD: GET, HTTP_CONNECTION: Upgrade, HTTP_UPGRADE: websocket)
Started POST "/spike/terminals?vm_name=rootplane-hello-01" for ::1 at 2026-07-07 21:10:00 +0100
Processing by SpikeController#create_session as HTML
  Parameters: {"authenticity_token" => "[FILTERED]", "vm_name" => "rootplane-hello-01"}
[terminal] spawning multipass shell rootplane-hello-01 for session e2b719db51d8e2c92f97fe2a731e81b2
[terminal] spawned pid=87430
Redirected to http://localhost:3000/spike/terminal?session_id=e2b719db51d8e2c92f97fe2a731e81b2&vm_name=rootplane-hello-01
↳ app/controllers/spike_controller.rb:27:in 'SpikeController#create_session'
Completed 302 Found in 7ms (ActiveRecord: 0.0ms (0 queries, 0 cached) | GC: 0.0ms)


Started GET "/spike/terminal?session_id=e2b719db51d8e2c92f97fe2a731e81b2&vm_name=rootplane-hello-01" for ::1 at 2026-07-07 21:10:00 +0100
Processing by SpikeController#terminal as HTML
  Parameters: {"session_id" => "e2b719db51d8e2c92f97fe2a731e81b2", "vm_name" => "rootplane-hello-01"}
  Rendering layout layouts/terminal_fullscreen.html.erb
  Rendering spike/terminal.html.erb within layouts/terminal_fullscreen
  Rendered spike/terminal.html.erb within layouts/terminal_fullscreen (Duration: 0.3ms | GC: 0.0ms)
  Rendered layout layouts/terminal_fullscreen.html.erb (Duration: 20.3ms | GC: 0.8ms)
Completed 200 OK in 42ms (Views: 28.8ms | ActiveRecord: 0.0ms (0 queries, 0 cached) | GC: 1.0ms)


Finished "/cable" [WebSocket] for ::1 at 2026-07-07 21:10:01 +0100
Started GET "/cable" for ::1 at 2026-07-07 21:10:01 +0100
Started GET "/cable" [WebSocket] for ::1 at 2026-07-07 21:10:01 +0100
Successfully upgraded to WebSocket (REQUEST_METHOD: GET, HTTP_CONNECTION: Upgrade, HTTP_UPGRADE: websocket)
TerminalChannel is transmitting the subscription rejection
TerminalChannel transmitting {type: "scrollback", data: ""}
TerminalChannel is transmitting the subscription confirmation
TerminalChannel is streaming from terminal:e2b719db51d8e2c92f97fe2a731e81b2:output
TerminalChannel#receive({"data" => "AQBOADk="})
[ActionCable] Broadcasting to terminal:e2b719db51d8e2c92f97fe2a731e81b2:output: {type: "output", data: "V2VsY29tZSB0byBVYnVudHUgMjQuMDQuNCBMVFMgKEdOVS9MaW51eCA2LjguMC0xMjQtZ2VuZXJpYyBhYXJjaDY0KQ0KDQogKiBEb2N1bWVudGF0aW9uOiAgaHR0cHM6Ly9oZWxwLnVidW50dS5jb20NCiAqIE1hbmFnZW1lbnQ6ICAgICBodHRwczovL2xhbmRzY2FwZS5jYW5vbmljYWwuY29tDQogKiBTdXBwb3J0OiAgICAgICAgaHR0cHM6Ly91YnVudHUuY29tL...
[ActionCable] Broadcasting to terminal:e2b719db51d8e2c92f97fe2a731e81b2:output: {type: "output", data: "IHVwZGF0ZXMuDQpTZWUgaHR0cHM6Ly91YnVudHUuY29tL2VzbSBvciBydW46IHN1ZG8gcHJvIHN0YXR1cw0KDQoNClRoZSBsaXN0IG9mIGF2YWlsYWJsZSB1cGRhdGVzIGlzIG1vcmUgdGhhbiBhIHdlZWsgb2xkLg0KVG8gY2hlY2sgZm9yIG5ldyB1cGRhdGVzIHJ1bjogc3VkbyBhcHQgdXBkYXRlDQoNCkxhc3QgbG9naW46IFR1ZSBKdWwgIDcgMjE6MDc6MDYgM...
TerminalChannel transmitting {"type" => "output", "data" => "V2VsY29tZSB0byBVYnVudHUgMjQuMDQuNCBMVFMgKEdOVS9MaW51eCA2LjguMC0xMjQtZ2VuZXJpYyBhYXJjaDY0KQ0KDQogKiBEb2N1bWVudGF0aW9uOiAgaHR0cHM6Ly9oZWxwLnVidW50dS5jb20NCiAqIE1hbmFnZW1lbnQ6ICAgICBodHRwczovL2xhbmRzY2FwZS5jYW5vbmljYWwuY29tDQogKiBTdXBwb3J0OiAgICAgICAgaHR0cHM6Ly91YnVud... (via streamed from terminal:e2b719db51d8e2c92f97fe2a731e81b2:output)
TerminalChannel transmitting {"type" => "output", "data" => "IHVwZGF0ZXMuDQpTZWUgaHR0cHM6Ly91YnVudHUuY29tL2VzbSBvciBydW46IHN1ZG8gcHJvIHN0YXR1cw0KDQoNClRoZSBsaXN0IG9mIGF2YWlsYWJsZSB1cGRhdGVzIGlzIG1vcmUgdGhhbiBhIHdlZWsgb2xkLg0KVG8gY2hlY2sgZm9yIG5ldyB1cGRhdGVzIHJ1bjogc3VkbyBhcHQgdXBkYXRlDQoNCkxhc3QgbG9naW46IFR1ZSBKdWwgIDcgMjE6M... (via streamed from terminal:e2b719db51d8e2c92f97fe2a731e81b2:output)
[ActionCable] Broadcasting to terminal:e2b719db51d8e2c92f97fe2a731e81b2:output: {type: "output", data: "G1s/MjAwNGgbXTA7dWJ1bnR1QHJvb3RwbGFuZS1oZWxsby0wMTogfgcbWzAxOzMybXVidW50dUByb290cGxhbmUtaGVsbG8tMDEbWzAwbTobWzAxOzM0bX4bWzAwbSQg"}
TerminalChannel transmitting {"type" => "output", "data" => "G1s/MjAwNGgbXTA7dWJ1bnR1QHJvb3RwbGFuZS1oZWxsby0wMTogfgcbWzAxOzMybXVidW50dUByb290cGxhbmUtaGVsbG8tMDEbWzAwbTobWzAxOzM0bX4bWzAwbSQg"} (via streamed from terminal:e2b719db51d8e2c92f97fe2a731e81b2:output)
Started GET "/favicon.ico" for ::1 at 2026-07-07 21:10:01 +0100
  
ActionController::RoutingError (No route matches [GET] "/favicon.ico"):
  
Finished "/cable" [WebSocket] for ::1 at 2026-07-07 21:10:03 +0100
TerminalChannel stopped streaming from terminal:e2b719db51d8e2c92f97fe2a731e81b2:output
Started GET "/cable" for ::1 at 2026-07-07 21:10:04 +0100
Started GET "/cable" [WebSocket] for ::1 at 2026-07-07 21:10:04 +0100
Successfully upgraded to WebSocket (REQUEST_METHOD: GET, HTTP_CONNECTION: Upgrade, HTTP_UPGRADE: websocket)
Started GET "/" for ::1 at 2026-07-07 21:10:06 +0100
Processing by SpikeController#index as HTML
[multipass] exec: multipass info --all --format json
  Rendering layout layouts/application.html.erb
  Rendering spike/index.html.erb within layouts/application
  Rendered spike/index.html.erb within layouts/application (Duration: 1.1ms | GC: 0.0ms)
  Rendered layout layouts/application.html.erb (Duration: 4.1ms | GC: 2.1ms)
Completed 200 OK in 107ms (Views: 8.6ms | ActiveRecord: 0.0ms (0 queries, 0 cached) | GC: 3.9ms)


Finished "/cable" [WebSocket] for ::1 at 2026-07-07 21:10:06 +0100
Started GET "/cable" for ::1 at 2026-07-07 21:10:06 +0100
Started GET "/cable" [WebSocket] for ::1 at 2026-07-07 21:10:06 +0100
Successfully upgraded to WebSocket (REQUEST_METHOD: GET, HTTP_CONNECTION: Upgrade, HTTP_UPGRADE: websocket)
TerminalChannel is transmitting the subscription rejection
  [1m[36mActiveRecord::InternalMetadata Load (0.3ms)[0m  [1m[34mSELECT * FROM "ar_internal_metadata" WHERE "ar_internal_metadata"."key" = 'environment' ORDER BY "ar_internal_metadata"."key" ASC LIMIT 1 /*application='MultipassWebui'*/[0m
  [1m[36mActiveRecord::InternalMetadata Create (0.2ms)[0m  [1m[32mINSERT INTO "ar_internal_metadata" ("key", "value", "created_at", "updated_at") VALUES ('environment', 'development', '2026-07-07 20:11:18.381287', '2026-07-07 20:11:18.381289') RETURNING "key" /*application='MultipassWebui'*/[0m
  [1m[36mActiveRecord::SchemaMigration Load (0.0ms)[0m  [1m[34mSELECT "schema_migrations"."version" FROM "schema_migrations" ORDER BY "schema_migrations"."version" ASC /*application='MultipassWebui'*/[0m
Migrating to CreateSettings (20260707201023)
  [1m[36mTRANSACTION (0.0ms)[0m  [1m[35mBEGIN immediate TRANSACTION /*application='MultipassWebui'*/[0m
  [1m[35m (0.8ms)[0m  [1m[35mCREATE TABLE "settings" ("id" integer PRIMARY KEY AUTOINCREMENT NOT NULL, "username" varchar DEFAULT 'admin' NOT NULL, "password_digest" varchar NOT NULL, "listen_port" integer DEFAULT 3000, "cloud_init_dir" varchar DEFAULT '', "cloud_init_repo" varchar DEFAULT '', "playbooks_dir" varchar DEFAULT '', "trust_proxy" boolean DEFAULT FALSE, "created_at" datetime(6) DEFAULT CURRENT_TIMESTAMP NOT NULL, "updated_at" datetime(6) DEFAULT CURRENT_TIMESTAMP NOT NULL) /*application='MultipassWebui'*/[0m
  [1m[35m (0.1ms)[0m  [1m[35mCREATE UNIQUE INDEX "index_settings_on_id" ON "settings" ("id") /*application='MultipassWebui'*/[0m
  [1m[36mActiveRecord::SchemaMigration Create (0.0ms)[0m  [1m[32mINSERT INTO "schema_migrations" ("version") VALUES ('20260707201023') RETURNING "version" /*application='MultipassWebui'*/[0m
  [1m[36mTRANSACTION (0.1ms)[0m  [1m[35mCOMMIT TRANSACTION /*application='MultipassWebui'*/[0m
Migrating to CreateVmDefaults (20260707201024)
  [1m[36mTRANSACTION (0.0ms)[0m  [1m[35mBEGIN immediate TRANSACTION /*application='MultipassWebui'*/[0m
  [1m[35m (0.5ms)[0m  [1m[35mCREATE TABLE "vm_defaults" ("id" integer PRIMARY KEY AUTOINCREMENT NOT NULL, "cpus" integer DEFAULT 2 NOT NULL, "memory_mb" integer DEFAULT 1024 NOT NULL, "disk_gb" integer DEFAULT 8 NOT NULL, "ssh_public_key" text, "ssh_private_key" text, "created_at" datetime(6) DEFAULT CURRENT_TIMESTAMP NOT NULL, "updated_at" datetime(6) DEFAULT CURRENT_TIMESTAMP NOT NULL) /*application='MultipassWebui'*/[0m
  [1m[36mActiveRecord::SchemaMigration Create (0.0ms)[0m  [1m[32mINSERT INTO "schema_migrations" ("version") VALUES ('20260707201024') RETURNING "version" /*application='MultipassWebui'*/[0m
  [1m[36mTRANSACTION (0.1ms)[0m  [1m[35mCOMMIT TRANSACTION /*application='MultipassWebui'*/[0m
Migrating to CreateSessions (20260707201025)
  [1m[36mTRANSACTION (0.0ms)[0m  [1m[35mBEGIN immediate TRANSACTION /*application='MultipassWebui'*/[0m
  [1m[35m (0.5ms)[0m  [1m[35mCREATE TABLE "sessions" ("id" integer PRIMARY KEY AUTOINCREMENT NOT NULL, "token_hash" varchar(64) NOT NULL, "expires_at" datetime(6) NOT NULL, "ip_address" varchar, "user_agent" varchar, "created_at" datetime(6) DEFAULT CURRENT_TIMESTAMP NOT NULL, "updated_at" datetime(6) DEFAULT CURRENT_TIMESTAMP NOT NULL) /*application='MultipassWebui'*/[0m
  [1m[35m (0.0ms)[0m  [1m[35mCREATE UNIQUE INDEX "index_sessions_on_token_hash" ON "sessions" ("token_hash") /*application='MultipassWebui'*/[0m
  [1m[35m (0.0ms)[0m  [1m[35mCREATE INDEX "index_sessions_on_expires_at" ON "sessions" ("expires_at") /*application='MultipassWebui'*/[0m
  [1m[36mActiveRecord::SchemaMigration Create (0.0ms)[0m  [1m[32mINSERT INTO "schema_migrations" ("version") VALUES ('20260707201025') RETURNING "version" /*application='MultipassWebui'*/[0m
  [1m[36mTRANSACTION (0.1ms)[0m  [1m[35mCOMMIT TRANSACTION /*application='MultipassWebui'*/[0m
  [1m[36mActiveRecord::SchemaMigration Load (0.0ms)[0m  [1m[34mSELECT "schema_migrations"."version" FROM "schema_migrations" ORDER BY "schema_migrations"."version" ASC /*application='MultipassWebui'*/[0m
Started GET "/login" for ::1 at 2026-07-07 21:15:44 +0100
  [1m[36mActiveRecord::SchemaMigration Load (0.0ms)[0m  [1m[34mSELECT "schema_migrations"."version" FROM "schema_migrations" ORDER BY "schema_migrations"."version" ASC /*application='MultipassWebui'*/[0m
Processing by SessionsController#new as */*
  Rendering layout layouts/application.html.erb
  Rendering sessions/new.html.erb within layouts/application
  Rendered sessions/new.html.erb within layouts/application (Duration: 3.6ms | GC: 0.1ms)
  Rendered layout layouts/application.html.erb (Duration: 6.6ms | GC: 0.3ms)
Completed 200 OK in 25ms (Views: 14.6ms | ActiveRecord: 0.0ms (0 queries, 0 cached) | GC: 3.2ms)


Started GET "/" for ::1 at 2026-07-07 21:15:44 +0100
Processing by HostsController#show as */*
Redirected to http://localhost:3000/login
↳ app/controllers/application_controller.rb:16:in 'block (2 levels) in ApplicationController#require_login'
Filter chain halted as :require_login rendered or redirected
Completed 302 Found in 2ms (ActiveRecord: 0.0ms (0 queries, 0 cached) | GC: 0.0ms)


Started GET "/cable" for ::1 at 2026-07-07 21:15:50 +0100
Started GET "/cable" [WebSocket] for ::1 at 2026-07-07 21:15:50 +0100
Successfully upgraded to WebSocket (REQUEST_METHOD: GET, HTTP_CONNECTION: Upgrade, HTTP_UPGRADE: websocket)
Started POST "/login" for ::1 at 2026-07-07 21:15:56 +0100
Processing by SessionsController#create as */*
  Parameters: {"username" => "admin", "password" => "[FILTERED]"}
Can't verify CSRF token authenticity.
Completed 422 Unprocessable Content in 0ms (ActiveRecord: 0.0ms (0 queries, 0 cached) | GC: 0.0ms)


  
ActionController::InvalidAuthenticityToken (Can't verify CSRF token authenticity.):
  
actionpack (8.1.3) lib/action_controller/metal/request_forgery_protection.rb:321:in 'ActionController::RequestForgeryProtection::ProtectionMethods::Exception#handle_unverified_request'
actionpack (8.1.3) lib/action_controller/metal/request_forgery_protection.rb:415:in 'ActionController::RequestForgeryProtection#handle_unverified_request'
actionpack (8.1.3) lib/action_controller/metal/request_forgery_protection.rb:404:in 'ActionController::RequestForgeryProtection#verify_authenticity_token'
activesupport (8.1.3) lib/active_support/callbacks.rb:362:in 'block in ActiveSupport::Callbacks::CallTemplate::MethodCall#make_lambda'
activesupport (8.1.3) lib/active_support/callbacks.rb:179:in 'block in ActiveSupport::Callbacks::Filters::Before#call'
actionpack (8.1.3) lib/abstract_controller/callbacks.rb:36:in 'block (2 levels) in <module:Callbacks>'
activesupport (8.1.3) lib/active_support/callbacks.rb:180:in 'ActiveSupport::Callbacks::Filters::Before#call'
activesupport (8.1.3) lib/active_support/callbacks.rb:560:in 'block in ActiveSupport::Callbacks::CallbackSequence#invoke_before'
activesupport (8.1.3) lib/active_support/callbacks.rb:560:in 'Array#each'
activesupport (8.1.3) lib/active_support/callbacks.rb:560:in 'ActiveSupport::Callbacks::CallbackSequence#invoke_before'
activesupport (8.1.3) lib/active_support/callbacks.rb:119:in 'block in ActiveSupport::Callbacks#run_callbacks'
activesupport (8.1.3) lib/active_support/callbacks.rb:141:in 'ActiveSupport::Callbacks#run_callbacks'
actionpack (8.1.3) lib/abstract_controller/callbacks.rb:266:in 'AbstractController::Callbacks#process_action'
actionpack (8.1.3) lib/action_controller/metal/rescue.rb:36:in 'ActionController::Rescue#process_action'
actionpack (8.1.3) lib/action_controller/metal/instrumentation.rb:76:in 'block in ActionController::Instrumentation#process_action'
activesupport (8.1.3) lib/active_support/notifications.rb:210:in 'block in ActiveSupport::Notifications.instrument'
activesupport (8.1.3) lib/active_support/notifications/instrumenter.rb:58:in 'ActiveSupport::Notifications::Instrumenter#instrument'
activesupport (8.1.3) lib/active_support/notifications.rb:210:in 'ActiveSupport::Notifications.instrument'
actionpack (8.1.3) lib/action_controller/metal/instrumentation.rb:75:in 'ActionController::Instrumentation#process_action'
actionpack (8.1.3) lib/action_controller/metal/params_wrapper.rb:259:in 'ActionController::ParamsWrapper#process_action'
activerecord (8.1.3) lib/active_record/railties/controller_runtime.rb:39:in 'ActiveRecord::Railties::ControllerRuntime#process_action'
actionpack (8.1.3) lib/abstract_controller/base.rb:154:in 'AbstractController::Base#process'
actionview (8.1.3) lib/action_view/rendering.rb:40:in 'ActionView::Rendering#process'
actionpack (8.1.3) lib/action_controller/metal.rb:252:in 'ActionController::Metal#dispatch'
actionpack (8.1.3) lib/action_controller/metal.rb:335:in 'ActionController::Metal.dispatch'
actionpack (8.1.3) lib/action_dispatch/routing/route_set.rb:65:in 'ActionDispatch::Routing::RouteSet::Dispatcher#dispatch'
actionpack (8.1.3) lib/action_dispatch/routing/route_set.rb:50:in 'ActionDispatch::Routing::RouteSet::Dispatcher#serve'
actionpack (8.1.3) lib/action_dispatch/journey/router.rb:35:in 'block in ActionDispatch::Journey::Router#serve'
actionpack (8.1.3) lib/action_dispatch/journey/router.rb:86:in 'block in ActionDispatch::Journey::Router#recognize'
actionpack (8.1.3) lib/action_dispatch/journey/router.rb:66:in 'Array#each'
actionpack (8.1.3) lib/action_dispatch/journey/router.rb:66:in 'ActionDispatch::Journey::Router#recognize'
actionpack (8.1.3) lib/action_dispatch/journey/router.rb:31:in 'ActionDispatch::Journey::Router#serve'
actionpack (8.1.3) lib/action_dispatch/routing/route_set.rb:906:in 'ActionDispatch::Routing::RouteSet#call'
railties (8.1.3) lib/rails/engine/lazy_route_set.rb:60:in 'Rails::Engine::LazyRouteSet#call'
rack-attack (6.8.0) lib/rack/attack.rb:129:in 'Rack::Attack#call'
rack (3.2.6) lib/rack/tempfile_reaper.rb:20:in 'Rack::TempfileReaper#call'
rack (3.2.6) lib/rack/etag.rb:29:in 'Rack::ETag#call'
rack (3.2.6) lib/rack/conditional_get.rb:44:in 'Rack::ConditionalGet#call'
rack (3.2.6) lib/rack/head.rb:15:in 'Rack::Head#call'
actionpack (8.1.3) lib/action_dispatch/http/content_security_policy.rb:38:in 'ActionDispatch::ContentSecurityPolicy::Middleware#call'
rack-session (2.1.2) lib/rack/session/abstract/id.rb:274:in 'Rack::Session::Abstract::Persisted#context'
rack-session (2.1.2) lib/rack/session/abstract/id.rb:268:in 'Rack::Session::Abstract::Persisted#call'
actionpack (8.1.3) lib/action_dispatch/middleware/cookies.rb:708:in 'ActionDispatch::Cookies#call'
activerecord (8.1.3) lib/active_record/migration.rb:671:in 'ActiveRecord::Migration::CheckPending#call'
actionpack (8.1.3) lib/action_dispatch/middleware/callbacks.rb:31:in 'block in ActionDispatch::Callbacks#call'
activesupport (8.1.3) lib/active_support/callbacks.rb:101:in 'ActiveSupport::Callbacks#run_callbacks'
actionpack (8.1.3) lib/action_dispatch/middleware/callbacks.rb:30:in 'ActionDispatch::Callbacks#call'
actionpack (8.1.3) lib/action_dispatch/middleware/executor.rb:20:in 'ActionDispatch::Executor#call'
actionpack (8.1.3) lib/action_dispatch/middleware/actionable_exceptions.rb:18:in 'ActionDispatch::ActionableExceptions#call'
actionpack (8.1.3) lib/action_dispatch/middleware/debug_exceptions.rb:31:in 'ActionDispatch::DebugExceptions#call'
web-console (4.3.0) lib/web_console/middleware.rb:132:in 'WebConsole::Middleware#call_app'
web-console (4.3.0) lib/web_console/middleware.rb:28:in 'block in WebConsole::Middleware#call'
web-console (4.3.0) lib/web_console/middleware.rb:17:in 'Kernel#catch'
web-console (4.3.0) lib/web_console/middleware.rb:17:in 'WebConsole::Middleware#call'
actionpack (8.1.3) lib/action_dispatch/middleware/show_exceptions.rb:32:in 'ActionDispatch::ShowExceptions#call'
railties (8.1.3) lib/rails/rack/logger.rb:41:in 'Rails::Rack::Logger#call_app'
railties (8.1.3) lib/rails/rack/logger.rb:29:in 'Rails::Rack::Logger#call'
propshaft (1.3.2) lib/propshaft/quiet_assets.rb:11:in 'Propshaft::QuietAssets#call'
actionpack (8.1.3) lib/action_dispatch/middleware/remote_ip.rb:98:in 'ActionDispatch::RemoteIp#call'
actionpack (8.1.3) lib/action_dispatch/middleware/request_id.rb:34:in 'ActionDispatch::RequestId#call'
rack (3.2.6) lib/rack/method_override.rb:28:in 'Rack::MethodOverride#call'
rack (3.2.6) lib/rack/runtime.rb:24:in 'Rack::Runtime#call'
activesupport (8.1.3) lib/active_support/cache/strategy/local_cache_middleware.rb:30:in 'ActiveSupport::Cache::Strategy::LocalCache::Middleware#call'
actionpack (8.1.3) lib/action_dispatch/middleware/server_timing.rb:61:in 'block in ActionDispatch::ServerTiming#call'
actionpack (8.1.3) lib/action_dispatch/middleware/server_timing.rb:26:in 'ActionDispatch::ServerTiming::Subscriber#collect_events'
actionpack (8.1.3) lib/action_dispatch/middleware/server_timing.rb:60:in 'ActionDispatch::ServerTiming#call'
actionpack (8.1.3) lib/action_dispatch/middleware/executor.rb:20:in 'ActionDispatch::Executor#call'
propshaft (1.3.2) lib/propshaft/server.rb:37:in 'Propshaft::Server#call'
actionpack (8.1.3) lib/action_dispatch/middleware/static.rb:27:in 'ActionDispatch::Static#call'
rack (3.2.6) lib/rack/sendfile.rb:131:in 'Rack::Sendfile#call'
actionpack (8.1.3) lib/action_dispatch/middleware/host_authorization.rb:143:in 'ActionDispatch::HostAuthorization#call'
railties (8.1.3) lib/rails/engine.rb:534:in 'Rails::Engine#call'
puma (8.0.2) lib/puma/configuration.rb:305:in 'Puma::Configuration::ConfigMiddleware#call'
puma (8.0.2) lib/puma/response.rb:79:in 'block in Puma::Response#handle_request'
puma (8.0.2) lib/puma/thread_pool.rb:434:in 'Puma::ThreadPool#with_force_shutdown'
puma (8.0.2) lib/puma/response.rb:78:in 'Puma::Response#handle_request'
puma (8.0.2) lib/puma/server.rb:508:in 'Puma::Server#process_client'
puma (8.0.2) lib/puma/server.rb:263:in 'block in Puma::Server#run'
puma (8.0.2) lib/puma/thread_pool.rb:246:in 'block in Puma::ThreadPool#spawn_thread'
Started POST "/login" for ::1 at 2026-07-07 21:15:56 +0100
Processing by SessionsController#create as */*
  Parameters: {"username" => "admin", "password" => "[FILTERED]"}
Can't verify CSRF token authenticity.
Completed 422 Unprocessable Content in 0ms (ActiveRecord: 0.0ms (0 queries, 0 cached) | GC: 0.0ms)


  
ActionController::InvalidAuthenticityToken (Can't verify CSRF token authenticity.):
  
actionpack (8.1.3) lib/action_controller/metal/request_forgery_protection.rb:321:in 'ActionController::RequestForgeryProtection::ProtectionMethods::Exception#handle_unverified_request'
actionpack (8.1.3) lib/action_controller/metal/request_forgery_protection.rb:415:in 'ActionController::RequestForgeryProtection#handle_unverified_request'
actionpack (8.1.3) lib/action_controller/metal/request_forgery_protection.rb:404:in 'ActionController::RequestForgeryProtection#verify_authenticity_token'
activesupport (8.1.3) lib/active_support/callbacks.rb:362:in 'block in ActiveSupport::Callbacks::CallTemplate::MethodCall#make_lambda'
activesupport (8.1.3) lib/active_support/callbacks.rb:179:in 'block in ActiveSupport::Callbacks::Filters::Before#call'
actionpack (8.1.3) lib/abstract_controller/callbacks.rb:36:in 'block (2 levels) in <module:Callbacks>'
activesupport (8.1.3) lib/active_support/callbacks.rb:180:in 'ActiveSupport::Callbacks::Filters::Before#call'
activesupport (8.1.3) lib/active_support/callbacks.rb:560:in 'block in ActiveSupport::Callbacks::CallbackSequence#invoke_before'
activesupport (8.1.3) lib/active_support/callbacks.rb:560:in 'Array#each'
activesupport (8.1.3) lib/active_support/callbacks.rb:560:in 'ActiveSupport::Callbacks::CallbackSequence#invoke_before'
activesupport (8.1.3) lib/active_support/callbacks.rb:119:in 'block in ActiveSupport::Callbacks#run_callbacks'
activesupport (8.1.3) lib/active_support/callbacks.rb:141:in 'ActiveSupport::Callbacks#run_callbacks'
actionpack (8.1.3) lib/abstract_controller/callbacks.rb:266:in 'AbstractController::Callbacks#process_action'
actionpack (8.1.3) lib/action_controller/metal/rescue.rb:36:in 'ActionController::Rescue#process_action'
actionpack (8.1.3) lib/action_controller/metal/instrumentation.rb:76:in 'block in ActionController::Instrumentation#process_action'
activesupport (8.1.3) lib/active_support/notifications.rb:210:in 'block in ActiveSupport::Notifications.instrument'
activesupport (8.1.3) lib/active_support/notifications/instrumenter.rb:58:in 'ActiveSupport::Notifications::Instrumenter#instrument'
activesupport (8.1.3) lib/active_support/notifications.rb:210:in 'ActiveSupport::Notifications.instrument'
actionpack (8.1.3) lib/action_controller/metal/instrumentation.rb:75:in 'ActionController::Instrumentation#process_action'
actionpack (8.1.3) lib/action_controller/metal/params_wrapper.rb:259:in 'ActionController::ParamsWrapper#process_action'
activerecord (8.1.3) lib/active_record/railties/controller_runtime.rb:39:in 'ActiveRecord::Railties::ControllerRuntime#process_action'
actionpack (8.1.3) lib/abstract_controller/base.rb:154:in 'AbstractController::Base#process'
actionview (8.1.3) lib/action_view/rendering.rb:40:in 'ActionView::Rendering#process'
actionpack (8.1.3) lib/action_controller/metal.rb:252:in 'ActionController::Metal#dispatch'
actionpack (8.1.3) lib/action_controller/metal.rb:335:in 'ActionController::Metal.dispatch'
actionpack (8.1.3) lib/action_dispatch/routing/route_set.rb:65:in 'ActionDispatch::Routing::RouteSet::Dispatcher#dispatch'
actionpack (8.1.3) lib/action_dispatch/routing/route_set.rb:50:in 'ActionDispatch::Routing::RouteSet::Dispatcher#serve'
actionpack (8.1.3) lib/action_dispatch/journey/router.rb:35:in 'block in ActionDispatch::Journey::Router#serve'
actionpack (8.1.3) lib/action_dispatch/journey/router.rb:86:in 'block in ActionDispatch::Journey::Router#recognize'
actionpack (8.1.3) lib/action_dispatch/journey/router.rb:66:in 'Array#each'
actionpack (8.1.3) lib/action_dispatch/journey/router.rb:66:in 'ActionDispatch::Journey::Router#recognize'
actionpack (8.1.3) lib/action_dispatch/journey/router.rb:31:in 'ActionDispatch::Journey::Router#serve'
actionpack (8.1.3) lib/action_dispatch/routing/route_set.rb:906:in 'ActionDispatch::Routing::RouteSet#call'
railties (8.1.3) lib/rails/engine/lazy_route_set.rb:60:in 'Rails::Engine::LazyRouteSet#call'
rack-attack (6.8.0) lib/rack/attack.rb:129:in 'Rack::Attack#call'
rack (3.2.6) lib/rack/tempfile_reaper.rb:20:in 'Rack::TempfileReaper#call'
rack (3.2.6) lib/rack/etag.rb:29:in 'Rack::ETag#call'
rack (3.2.6) lib/rack/conditional_get.rb:44:in 'Rack::ConditionalGet#call'
rack (3.2.6) lib/rack/head.rb:15:in 'Rack::Head#call'
actionpack (8.1.3) lib/action_dispatch/http/content_security_policy.rb:38:in 'ActionDispatch::ContentSecurityPolicy::Middleware#call'
rack-session (2.1.2) lib/rack/session/abstract/id.rb:274:in 'Rack::Session::Abstract::Persisted#context'
rack-session (2.1.2) lib/rack/session/abstract/id.rb:268:in 'Rack::Session::Abstract::Persisted#call'
actionpack (8.1.3) lib/action_dispatch/middleware/cookies.rb:708:in 'ActionDispatch::Cookies#call'
activerecord (8.1.3) lib/active_record/migration.rb:671:in 'ActiveRecord::Migration::CheckPending#call'
actionpack (8.1.3) lib/action_dispatch/middleware/callbacks.rb:31:in 'block in ActionDispatch::Callbacks#call'
activesupport (8.1.3) lib/active_support/callbacks.rb:101:in 'ActiveSupport::Callbacks#run_callbacks'
actionpack (8.1.3) lib/action_dispatch/middleware/callbacks.rb:30:in 'ActionDispatch::Callbacks#call'
actionpack (8.1.3) lib/action_dispatch/middleware/executor.rb:20:in 'ActionDispatch::Executor#call'
actionpack (8.1.3) lib/action_dispatch/middleware/actionable_exceptions.rb:18:in 'ActionDispatch::ActionableExceptions#call'
actionpack (8.1.3) lib/action_dispatch/middleware/debug_exceptions.rb:31:in 'ActionDispatch::DebugExceptions#call'
web-console (4.3.0) lib/web_console/middleware.rb:132:in 'WebConsole::Middleware#call_app'
web-console (4.3.0) lib/web_console/middleware.rb:28:in 'block in WebConsole::Middleware#call'
web-console (4.3.0) lib/web_console/middleware.rb:17:in 'Kernel#catch'
web-console (4.3.0) lib/web_console/middleware.rb:17:in 'WebConsole::Middleware#call'
actionpack (8.1.3) lib/action_dispatch/middleware/show_exceptions.rb:32:in 'ActionDispatch::ShowExceptions#call'
railties (8.1.3) lib/rails/rack/logger.rb:41:in 'Rails::Rack::Logger#call_app'
railties (8.1.3) lib/rails/rack/logger.rb:29:in 'Rails::Rack::Logger#call'
propshaft (1.3.2) lib/propshaft/quiet_assets.rb:11:in 'Propshaft::QuietAssets#call'
actionpack (8.1.3) lib/action_dispatch/middleware/remote_ip.rb:98:in 'ActionDispatch::RemoteIp#call'
actionpack (8.1.3) lib/action_dispatch/middleware/request_id.rb:34:in 'ActionDispatch::RequestId#call'
rack (3.2.6) lib/rack/method_override.rb:28:in 'Rack::MethodOverride#call'
rack (3.2.6) lib/rack/runtime.rb:24:in 'Rack::Runtime#call'
activesupport (8.1.3) lib/active_support/cache/strategy/local_cache_middleware.rb:30:in 'ActiveSupport::Cache::Strategy::LocalCache::Middleware#call'
actionpack (8.1.3) lib/action_dispatch/middleware/server_timing.rb:61:in 'block in ActionDispatch::ServerTiming#call'
actionpack (8.1.3) lib/action_dispatch/middleware/server_timing.rb:26:in 'ActionDispatch::ServerTiming::Subscriber#collect_events'
actionpack (8.1.3) lib/action_dispatch/middleware/server_timing.rb:60:in 'ActionDispatch::ServerTiming#call'
actionpack (8.1.3) lib/action_dispatch/middleware/executor.rb:20:in 'ActionDispatch::Executor#call'
propshaft (1.3.2) lib/propshaft/server.rb:37:in 'Propshaft::Server#call'
actionpack (8.1.3) lib/action_dispatch/middleware/static.rb:27:in 'ActionDispatch::Static#call'
rack (3.2.6) lib/rack/sendfile.rb:131:in 'Rack::Sendfile#call'
actionpack (8.1.3) lib/action_dispatch/middleware/host_authorization.rb:143:in 'ActionDispatch::HostAuthorization#call'
railties (8.1.3) lib/rails/engine.rb:534:in 'Rails::Engine#call'
puma (8.0.2) lib/puma/configuration.rb:305:in 'Puma::Configuration::ConfigMiddleware#call'
puma (8.0.2) lib/puma/response.rb:79:in 'block in Puma::Response#handle_request'
puma (8.0.2) lib/puma/thread_pool.rb:434:in 'Puma::ThreadPool#with_force_shutdown'
puma (8.0.2) lib/puma/response.rb:78:in 'Puma::Response#handle_request'
puma (8.0.2) lib/puma/server.rb:508:in 'Puma::Server#process_client'
puma (8.0.2) lib/puma/server.rb:263:in 'block in Puma::Server#run'
puma (8.0.2) lib/puma/thread_pool.rb:246:in 'block in Puma::ThreadPool#spawn_thread'
Started GET "/" for ::1 at 2026-07-07 21:15:56 +0100
Processing by HostsController#show as */*
Redirected to http://localhost:3000/login
↳ app/controllers/application_controller.rb:16:in 'block (2 levels) in ApplicationController#require_login'
Filter chain halted as :require_login rendered or redirected
Completed 302 Found in 2ms (ActiveRecord: 0.0ms (0 queries, 0 cached) | GC: 0.2ms)


Started GET "/login" for ::1 at 2026-07-07 21:16:06 +0100
Processing by SessionsController#new as */*
  Rendering layout layouts/application.html.erb
  Rendering sessions/new.html.erb within layouts/application
  Rendered sessions/new.html.erb within layouts/application (Duration: 0.7ms | GC: 0.0ms)
  Rendered layout layouts/application.html.erb (Duration: 2.8ms | GC: 0.0ms)
Completed 200 OK in 5ms (Views: 3.2ms | ActiveRecord: 0.0ms (0 queries, 0 cached) | GC: 0.0ms)


Started POST "/login" for ::1 at 2026-07-07 21:16:07 +0100
Processing by SessionsController#create as */*
  Parameters: {"username" => "admin", "password" => "[FILTERED]", "authenticity_token" => "[FILTERED]"}
  [1m[36mSetting Load (0.3ms)[0m  [1m[34mSELECT "settings".* FROM "settings" ORDER BY "settings"."id" ASC LIMIT 1 /*action='create',application='MultipassWebui',controller='sessions'*/[0m
  ↳ app/models/setting.rb:22:in 'Setting.current'
  [1m[36mTRANSACTION (0.1ms)[0m  [1m[35mBEGIN immediate TRANSACTION /*action='create',application='MultipassWebui',controller='sessions'*/[0m
  ↳ app/models/setting.rb:22:in 'Setting.current'
  [1m[36mSetting Create (0.8ms)[0m  [1m[32mINSERT INTO "settings" ("username", "password_digest", "listen_port", "cloud_init_dir", "cloud_init_repo", "playbooks_dir", "trust_proxy", "created_at", "updated_at") VALUES ('admin', '$2a$12$4Qnr.nQ7TAjcks1zhsMNK.mom/OtoTevgJURYimuyvTe6cudyJkQy', 3000, '', '', '', FALSE, '2026-07-07 20:16:07.365423', '2026-07-07 20:16:07.365423') RETURNING "id", "created_at", "updated_at" /*action='create',application='MultipassWebui',controller='sessions'*/[0m
  ↳ app/models/setting.rb:22:in 'Setting.current'
  [1m[36mTRANSACTION (0.3ms)[0m  [1m[35mCOMMIT TRANSACTION /*action='create',application='MultipassWebui',controller='sessions'*/[0m
  ↳ app/models/setting.rb:22:in 'Setting.current'
  [1m[36mTRANSACTION (0.0ms)[0m  [1m[35mBEGIN immediate TRANSACTION /*action='create',application='MultipassWebui',controller='sessions'*/[0m
  ↳ app/models/session.rb:30:in 'Session.issue!'
  [1m[36mSession Create (1.8ms)[0m  [1m[32mINSERT INTO "sessions" ("token_hash", "expires_at", "ip_address", "user_agent", "created_at", "updated_at") VALUES ('0477521333bddf7dfc4e1e2d15fa7a63ad966affb30fb837e55dbd7c3bace37a', '2026-07-08 20:16:07.684517', '::1', 'curl/8.7.1', '2026-07-07 20:16:07.687473', '2026-07-07 20:16:07.687473') RETURNING "id", "created_at", "updated_at" /*action='create',application='MultipassWebui',controller='sessions'*/[0m
  ↳ app/models/session.rb:30:in 'Session.issue!'
  [1m[36mTRANSACTION (0.1ms)[0m  [1m[35mCOMMIT TRANSACTION /*action='create',application='MultipassWebui',controller='sessions'*/[0m
  ↳ app/models/session.rb:30:in 'Session.issue!'
Completed 500 Internal Server Error in 662ms (ActiveRecord: 5.0ms (3 queries, 0 cached) | GC: 23.2ms)


  
NameError (undefined local variable or method 'root_path' for an instance of SessionsController):
  
app/controllers/sessions_controller.rb:36:in 'SessionsController#create'
Started GET "/" for ::1 at 2026-07-07 21:16:07 +0100
Processing by HostsController#show as */*
Redirected to http://localhost:3000/login
↳ app/controllers/application_controller.rb:16:in 'block (2 levels) in ApplicationController#require_login'
Filter chain halted as :require_login rendered or redirected
Completed 302 Found in 3ms (ActiveRecord: 0.0ms (0 queries, 0 cached) | GC: 0.0ms)


Started GET "/login" for ::1 at 2026-07-07 21:16:24 +0100
Processing by SessionsController#new as */*
  Rendering layout layouts/application.html.erb
  Rendering sessions/new.html.erb within layouts/application
  Rendered sessions/new.html.erb within layouts/application (Duration: 1.1ms | GC: 0.0ms)
  Rendered layout layouts/application.html.erb (Duration: 1.9ms | GC: 0.0ms)
Completed 200 OK in 10ms (Views: 6.3ms | ActiveRecord: 0.0ms (0 queries, 0 cached) | GC: 0.5ms)


Started POST "/login" for ::1 at 2026-07-07 21:16:24 +0100
Processing by SessionsController#create as */*
  Parameters: {"username" => "admin", "password" => "[FILTERED]", "authenticity_token" => "[FILTERED]"}
  [1m[36mSetting Load (0.1ms)[0m  [1m[34mSELECT "settings".* FROM "settings" ORDER BY "settings"."id" ASC LIMIT 1 /*action='create',application='MultipassWebui',controller='sessions'*/[0m
  ↳ app/models/setting.rb:22:in 'Setting.current'
  [1m[36mTRANSACTION (0.0ms)[0m  [1m[35mBEGIN immediate TRANSACTION /*action='create',application='MultipassWebui',controller='sessions'*/[0m
  ↳ app/models/session.rb:30:in 'Session.issue!'
  [1m[36mSession Create (0.7ms)[0m  [1m[32mINSERT INTO "sessions" ("token_hash", "expires_at", "ip_address", "user_agent", "created_at", "updated_at") VALUES ('4219db23b0cc17a8de77bf76e38746c2effefcfeba16b789e08788765585e749', '2026-07-08 20:16:25.108392', '::1', 'curl/8.7.1', '2026-07-07 20:16:25.110659', '2026-07-07 20:16:25.110659') RETURNING "id", "created_at", "updated_at" /*action='create',application='MultipassWebui',controller='sessions'*/[0m
  ↳ app/models/session.rb:30:in 'Session.issue!'
  [1m[36mTRANSACTION (0.8ms)[0m  [1m[35mCOMMIT TRANSACTION /*action='create',application='MultipassWebui',controller='sessions'*/[0m
  ↳ app/models/session.rb:30:in 'Session.issue!'
Redirected to http://localhost:3000/
↳ app/controllers/sessions_controller.rb:36:in 'SessionsController#create'
Completed 302 Found in 330ms (ActiveRecord: 2.6ms (2 queries, 0 cached) | GC: 9.5ms)


Started GET "/" for ::1 at 2026-07-07 21:16:25 +0100
Processing by HostsController#show as */*
  [1m[36mSession Load (0.1ms)[0m  [1m[34mSELECT "sessions".* FROM "sessions" WHERE "sessions"."token_hash" = '4219db23b0cc17a8de77bf76e38746c2effefcfeba16b789e08788765585e749' LIMIT 1 /*action='show',application='MultipassWebui',controller='hosts'*/[0m
  ↳ app/models/session.rb:43:in 'Session.find_valid'
[multipass] exec: multipass info --all --format json
  Rendering layout layouts/application.html.erb
  Rendering hosts/show.html.erb within layouts/application
  Rendered hosts/_status_dot.html.erb (Duration: 0.2ms | GC: 0.0ms)
  Rendered hosts/_status_dot.html.erb (Duration: 0.0ms | GC: 0.0ms)
  Rendered hosts/show.html.erb within layouts/application (Duration: 6.3ms | GC: 0.1ms)
  [1m[36mSetting Load (0.1ms)[0m  [1m[34mSELECT "settings".* FROM "settings" ORDER BY "settings"."id" ASC LIMIT 1 /*action='show',application='MultipassWebui',controller='hosts'*/[0m
  ↳ app/models/setting.rb:22:in 'Setting.current'
  Rendered layout layouts/application.html.erb (Duration: 8.2ms | GC: 0.1ms)
Completed 200 OK in 144ms (Views: 12.6ms | ActiveRecord: 0.2ms (2 queries, 0 cached) | GC: 5.1ms)


Started GET "/tree" for ::1 at 2026-07-07 21:16:30 +0100
Processing by HostsController#tree as */*
  [1m[36mSession Load (0.1ms)[0m  [1m[34mSELECT "sessions".* FROM "sessions" WHERE "sessions"."token_hash" = '4219db23b0cc17a8de77bf76e38746c2effefcfeba16b789e08788765585e749' LIMIT 1 /*action='tree',application='MultipassWebui',controller='hosts'*/[0m
  ↳ app/models/session.rb:43:in 'Session.find_valid'
[multipass] exec: multipass info --all --format json
  Rendered hosts/_tree.html.erb (Duration: 1.0ms | GC: 0.0ms)
Completed 500 Internal Server Error in 95ms (ActiveRecord: 0.1ms (1 query, 0 cached) | GC: 1.5ms)


  
ActionView::Template::Error (undefined local variable or method 'root_path' for an instance of #<Class:0x0000000127fb9898>)
Caused by: NameError (undefined local variable or method 'root_path' for an instance of #<Class:0x0000000127fb9898>)

Information for: ActionView::Template::Error (undefined local variable or method 'root_path' for an instance of #<Class:0x0000000127fb9898>):
    4:      data-polling-frame-id-value="tree">
    5:   <!-- Host node -->
    6:   <%= link_to root_path, data: { turbo_frame: "_top" },
    7:         class: "flex items-center gap-2 px-2 py-1.5 rounded text-sm hover:bg-[var(--bg-hover)] #{request.path == root_path ? 'bg-[var(--bg-hover)]' : ''}" do %>
    8:     <span class="w-2 h-2 rounded-full" style="background-color: var(--success);"></span>
    9:     <span class="font-medium">Host</span>
   10:     <span class="ml-auto text-xs" style="color: var(--text-secondary);">
  
app/views/hosts/_tree.html.erb:7
app/controllers/hosts_controller.rb:18:in 'HostsController#tree'

Information for cause: NameError (undefined local variable or method 'root_path' for an instance of #<Class:0x0000000127fb9898>):
  
app/views/hosts/_tree.html.erb:7
app/controllers/hosts_controller.rb:18:in 'HostsController#tree'
Started GET "/cable" for ::1 at 2026-07-07 21:16:34 +0100
Started GET "/cable" [WebSocket] for ::1 at 2026-07-07 21:16:34 +0100
Successfully upgraded to WebSocket (REQUEST_METHOD: GET, HTTP_CONNECTION: Upgrade, HTTP_UPGRADE: websocket)
Started GET "/tree" for ::1 at 2026-07-07 21:16:44 +0100
Processing by HostsController#tree as */*
  [1m[36mSession Load (0.1ms)[0m  [1m[34mSELECT "sessions".* FROM "sessions" WHERE "sessions"."token_hash" = '4219db23b0cc17a8de77bf76e38746c2effefcfeba16b789e08788765585e749' LIMIT 1 /*action='tree',application='MultipassWebui',controller='hosts'*/[0m
  ↳ app/models/session.rb:43:in 'Session.find_valid'
[multipass] exec: multipass info --all --format json
  Rendered hosts/_status_dot.html.erb (Duration: 0.3ms | GC: 0.0ms)
  Rendered hosts/_status_dot.html.erb (Duration: 0.0ms | GC: 0.0ms)
  Rendered hosts/_tree.html.erb (Duration: 1.9ms | GC: 0.0ms)
Completed 200 OK in 104ms (Views: 3.7ms | ActiveRecord: 0.9ms (1 query, 0 cached) | GC: 4.7ms)


Started GET "/cable" for ::1 at 2026-07-07 21:16:50 +0100
Started GET "/cable" [WebSocket] for ::1 at 2026-07-07 21:16:50 +0100
Successfully upgraded to WebSocket (REQUEST_METHOD: GET, HTTP_CONNECTION: Upgrade, HTTP_UPGRADE: websocket)
  [1m[36mActiveRecord::SchemaMigration Load (0.1ms)[0m  [1m[34mSELECT "schema_migrations"."version" FROM "schema_migrations" ORDER BY "schema_migrations"."version" ASC /*application='MultipassWebui'*/[0m
  [1m[36mActiveRecord::InternalMetadata Load (0.1ms)[0m  [1m[34mSELECT * FROM "ar_internal_metadata" WHERE "ar_internal_metadata"."key" = 'environment' ORDER BY "ar_internal_metadata"."key" ASC LIMIT 1 /*application='MultipassWebui'*/[0m
  [1m[36mActiveRecord::SchemaMigration Load (0.0ms)[0m  [1m[34mSELECT "schema_migrations"."version" FROM "schema_migrations" ORDER BY "schema_migrations"."version" ASC /*application='MultipassWebui'*/[0m
  [1m[36mActiveRecord::InternalMetadata Load (0.0ms)[0m  [1m[34mSELECT * FROM "ar_internal_metadata" WHERE "ar_internal_metadata"."key" = 'environment' ORDER BY "ar_internal_metadata"."key" ASC LIMIT 1 /*application='MultipassWebui'*/[0m
  [1m[36mActiveRecord::SchemaMigration Load (0.0ms)[0m  [1m[34mSELECT "schema_migrations"."version" FROM "schema_migrations" ORDER BY "schema_migrations"."version" ASC /*application='MultipassWebui'*/[0m
  [1m[36mActiveRecord::InternalMetadata Load (0.0ms)[0m  [1m[34mSELECT * FROM "ar_internal_metadata" WHERE "ar_internal_metadata"."key" = 'environment' ORDER BY "ar_internal_metadata"."key" ASC LIMIT 1 /*application='MultipassWebui'*/[0m
  [1m[35m (0.3ms)[0m  [1m[35mDROP TABLE IF EXISTS "sessions" /*application='MultipassWebui'*/[0m
  [1m[35m (0.2ms)[0m  [1m[35mCREATE TABLE "sessions" ("id" integer PRIMARY KEY AUTOINCREMENT NOT NULL, "created_at" datetime(6) DEFAULT CURRENT_TIMESTAMP NOT NULL, "expires_at" datetime(6) NOT NULL, "ip_address" varchar, "token_hash" varchar(64) NOT NULL, "updated_at" datetime(6) DEFAULT CURRENT_TIMESTAMP NOT NULL, "user_agent" varchar) /*application='MultipassWebui'*/[0m
  [1m[35m (0.1ms)[0m  [1m[35mCREATE INDEX "index_sessions_on_expires_at" ON "sessions" ("expires_at") /*application='MultipassWebui'*/[0m
  [1m[35m (0.1ms)[0m  [1m[35mCREATE UNIQUE INDEX "index_sessions_on_token_hash" ON "sessions" ("token_hash") /*application='MultipassWebui'*/[0m
  [1m[35m (0.0ms)[0m  [1m[35mDROP TABLE IF EXISTS "settings" /*application='MultipassWebui'*/[0m
  [1m[35m (0.1ms)[0m  [1m[35mCREATE TABLE "settings" ("id" integer PRIMARY KEY AUTOINCREMENT NOT NULL, "cloud_init_dir" varchar DEFAULT '', "cloud_init_repo" varchar DEFAULT '', "created_at" datetime(6) DEFAULT CURRENT_TIMESTAMP NOT NULL, "listen_port" integer DEFAULT 3000, "password_digest" varchar NOT NULL, "playbooks_dir" varchar DEFAULT '', "trust_proxy" boolean DEFAULT FALSE, "updated_at" datetime(6) DEFAULT CURRENT_TIMESTAMP NOT NULL, "username" varchar DEFAULT 'admin' NOT NULL) /*application='MultipassWebui'*/[0m
  [1m[35m (0.1ms)[0m  [1m[35mCREATE UNIQUE INDEX "index_settings_on_id" ON "settings" ("id") /*application='MultipassWebui'*/[0m
  [1m[35m (0.0ms)[0m  [1m[35mDROP TABLE IF EXISTS "vm_defaults" /*application='MultipassWebui'*/[0m
  [1m[35m (0.1ms)[0m  [1m[35mCREATE TABLE "vm_defaults" ("id" integer PRIMARY KEY AUTOINCREMENT NOT NULL, "cpus" integer DEFAULT 2 NOT NULL, "created_at" datetime(6) DEFAULT CURRENT_TIMESTAMP NOT NULL, "disk_gb" integer DEFAULT 8 NOT NULL, "memory_mb" integer DEFAULT 1024 NOT NULL, "ssh_private_key" text, "ssh_public_key" text, "updated_at" datetime(6) DEFAULT CURRENT_TIMESTAMP NOT NULL) /*application='MultipassWebui'*/[0m
  [1m[35m (0.1ms)[0m  [1m[35mCREATE TABLE "schema_migrations" ("version" varchar NOT NULL PRIMARY KEY) /*application='MultipassWebui'*/[0m
  [1m[36mActiveRecord::SchemaMigration Load (0.0ms)[0m  [1m[34mSELECT "schema_migrations"."version" FROM "schema_migrations" ORDER BY "schema_migrations"."version" ASC /*application='MultipassWebui'*/[0m
  [1m[35m (0.1ms)[0m  [1m[32mINSERT INTO "schema_migrations" (version) VALUES (20260707201025) /*application='MultipassWebui'*/[0m
  [1m[35m (0.1ms)[0m  [1m[32mINSERT INTO "schema_migrations" (version) VALUES
(20260707201024),
(20260707201023); /*application='MultipassWebui'*/[0m
  [1m[35m (0.1ms)[0m  [1m[35mCREATE TABLE "ar_internal_metadata" ("key" varchar NOT NULL PRIMARY KEY, "value" varchar, "created_at" datetime(6) NOT NULL, "updated_at" datetime(6) NOT NULL) /*application='MultipassWebui'*/[0m
  [1m[36mActiveRecord::InternalMetadata Load (0.0ms)[0m  [1m[34mSELECT * FROM "ar_internal_metadata" WHERE "ar_internal_metadata"."key" = 'environment' ORDER BY "ar_internal_metadata"."key" ASC LIMIT 1 /*application='MultipassWebui'*/[0m
  [1m[36mActiveRecord::InternalMetadata Create (0.1ms)[0m  [1m[32mINSERT INTO "ar_internal_metadata" ("key", "value", "created_at", "updated_at") VALUES ('environment', 'development', '2026-07-07 20:17:13.804495', '2026-07-07 20:17:13.804497') RETURNING "key" /*application='MultipassWebui'*/[0m
  [1m[36mActiveRecord::InternalMetadata Load (0.0ms)[0m  [1m[34mSELECT * FROM "ar_internal_metadata" WHERE "ar_internal_metadata"."key" = 'environment' ORDER BY "ar_internal_metadata"."key" ASC LIMIT 1 /*application='MultipassWebui'*/[0m
  [1m[36mActiveRecord::InternalMetadata Update (0.0ms)[0m  [1m[33mUPDATE "ar_internal_metadata" SET "value" = 'test', "updated_at" = '2026-07-07 20:17:13.805660' WHERE "ar_internal_metadata"."key" = 'environment' /*application='MultipassWebui'*/[0m
  [1m[36mActiveRecord::InternalMetadata Load (0.0ms)[0m  [1m[34mSELECT * FROM "ar_internal_metadata" WHERE "ar_internal_metadata"."key" = 'schema_sha1' ORDER BY "ar_internal_metadata"."key" ASC LIMIT 1 /*application='MultipassWebui'*/[0m
  [1m[36mActiveRecord::InternalMetadata Create (0.1ms)[0m  [1m[32mINSERT INTO "ar_internal_metadata" ("key", "value", "created_at", "updated_at") VALUES ('schema_sha1', '71c5baf8a3da28fb6e9348bc90e835bfe1d7b78a', '2026-07-07 20:17:13.807847', '2026-07-07 20:17:13.807848') RETURNING "key" /*application='MultipassWebui'*/[0m
